{
  "stats": {
    "suites": 1,
    "tests": 1,
    "passes": 1,
    "pending": 0,
    "failures": 0,
    "start": "2023-12-21T12:13:41.275Z",
    "end": "2023-12-21T12:14:46.210Z",
    "duration": 64935,
    "testsRegistered": 1,
    "passPercent": 100,
    "pendingPercent": 0,
    "other": 0,
    "hasOther": false,
    "skipped": 0,
    "hasSkipped": false
  },
  "results": [
    {
      "uuid": "e9180a87-913c-4a42-b27a-330dd95069bd",
      "title": "",
      "fullFile": "cypress\\e2e\\TestCases\\LoginScreen\\Login_without.cy.js",
      "file": "cypress\\e2e\\TestCases\\LoginScreen\\Login_without.cy.js",
      "beforeHooks": [],
      "afterHooks": [],
      "tests": [],
      "suites": [
        {
          "uuid": "5cc5cab0-8d6e-4598-8e6f-3765fbca561d",
          "title": "Visit RealtorsPK Website",
          "fullFile": "",
          "file": "",
          "beforeHooks": [],
          "afterHooks": [],
          "tests": [
            {
              "title": "Should visit RealtorsPK website",
              "fullTitle": "Visit RealtorsPK Website Should visit RealtorsPK website",
              "timedOut": null,
              "duration": 59917,
              "state": "passed",
              "speed": "slow",
              "pass": true,
              "fail": false,
              "pending": false,
              "context": null,
              "code": "Cypress.on('uncaught:exception', () => {\n  return false;\n});\ntry {\n  cy.viewport(1440, 820);\n  cy.visit('https://dev.realtorspk.com');\n  cy.wait(5000);\n  cy.fixture('HomePage_Search').then(data => {\n    Main_Page.city_selected(data.city_2);\n    cy.wait(4000);\n    Main_Page.budget_selection(data.min_price, data.max_price);\n    cy.wait(4000);\n    const propertyTypeXPathsToCheck = [_Main_Home_Page.default.Main_Home_Page_Locators.house_villa, _Main_Home_Page.default.Main_Home_Page_Locators.flat, _Main_Home_Page.default.Main_Home_Page_Locators.pent_house, _Main_Home_Page.default.Main_Home_Page_Locators.farm_house, _Main_Home_Page.default.Main_Home_Page_Locators.basement, _Main_Home_Page.default.Main_Home_Page_Locators.upper_portion, _Main_Home_Page.default.Main_Home_Page_Locators.room];\n    Main_Page.property_types(propertyTypeXPathsToCheck);\n    cy.wait(3000);\n    Main_Page.search_button();\n    cy.wait(4000);\n    // Collect relevant test data\n    const testData = {\n      city: data.city_2,\n      minPrice: data.min_price,\n      maxPrice: data.max_price\n      // Add other data as needed\n    };\n    // Push the test data to the array\n    jsonData.push(testData);\n    console.log('Collected Test Data:', testData);\n  });\n  cy.wait(2000);\n} catch (error) {\n  console.error('Error occurred: ', error.message);\n  cy.log('Error occurred: ' + error.message);\n}",
              "err": {},
              "uuid": "cf7e0ce5-b9f8-408a-816f-1ade1203c7f3",
              "parentUUID": "5cc5cab0-8d6e-4598-8e6f-3765fbca561d",
              "isHook": false,
              "skipped": false
            }
          ],
          "suites": [],
          "passes": [
            "cf7e0ce5-b9f8-408a-816f-1ade1203c7f3"
          ],
          "failures": [],
          "pending": [],
          "skipped": [],
          "duration": 59917,
          "root": false,
          "rootEmpty": false,
          "_timeout": 2000
        }
      ],
      "passes": [],
      "failures": [],
      "pending": [],
      "skipped": [],
      "duration": 0,
      "root": true,
      "rootEmpty": true,
      "_timeout": 2000
    }
  ],
  "meta": {
    "mocha": {
      "version": "7.0.1"
    },
    "mochawesome": {
      "options": {
        "quiet": false,
        "reportFilename": "mochawesome",
        "saveHtml": true,
        "saveJson": true,
        "consoleReporter": "spec",
        "useInlineDiffs": false,
        "code": true
      },
      "version": "7.1.3"
    },
    "marge": {
      "options": {
        "id": "default",
        "reportDir": "cypress/reports/mochawesome/testresults",
        "overwrite": false,
        "html": true,
        "json": true
      },
      "version": "6.2.0"
    }
  }
}