{
  "stats": {
    "suites": 2,
    "tests": 1,
    "passes": 0,
    "pending": 0,
    "failures": 1,
    "start": "2023-12-21T05:45:47.906Z",
    "end": "2023-12-21T05:45:49.031Z",
    "duration": 1125,
    "testsRegistered": 1,
    "passPercent": 0,
    "pendingPercent": 0,
    "other": 0,
    "hasOther": false,
    "skipped": 0,
    "hasSkipped": false
  },
  "results": [
    {
      "uuid": "44e58a3f-3cc2-48e9-a802-676943d2b4a4",
      "title": "",
      "fullFile": "cypress\\e2e\\TestCases\\LoginScreen\\Login_With_Credentials.cy.js",
      "file": "cypress\\e2e\\TestCases\\LoginScreen\\Login_With_Credentials.cy.js",
      "beforeHooks": [],
      "afterHooks": [],
      "tests": [],
      "suites": [
        {
          "uuid": "2bc1e569-ee01-453d-be34-1e2437931b09",
          "title": "Login and Home Page Tests",
          "fullFile": "",
          "file": "",
          "beforeHooks": [],
          "afterHooks": [],
          "tests": [],
          "suites": [
            {
              "uuid": "384adbe8-1aa6-4451-bc65-6d7db0edbe7c",
              "title": "Home Page Tests",
              "fullFile": "",
              "file": "",
              "beforeHooks": [],
              "afterHooks": [],
              "tests": [
                {
                  "title": "Should redirect to the Home Page",
                  "fullTitle": "Login and Home Page Tests Home Page Tests Should redirect to the Home Page",
                  "timedOut": null,
                  "duration": 984,
                  "state": "failed",
                  "speed": null,
                  "pass": false,
                  "fail": true,
                  "pending": false,
                  "context": null,
                  "code": "HomePage_Elements.home_header();\n// Add any additional checks/assertions related to the Home Page here",
                  "err": {
                    "message": "CypressError: `cy.visit()` failed trying to load:\n\nhttps://dev.realtorspk.com/commercial/auth/login\n\nWe attempted to make an http request to this URL but the request failed without a response.\n\nWe received this error at the network level:\n\n  > Error: getaddrinfo ENOTFOUND dev.realtorspk.com\n\nCommon situations why this would fail:\n  - you don't have internet access\n  - you forgot to run / boot your web server\n  - your web server isn't accessible\n  - you have weird network configuration settings on your computer\n\nBecause this error occurred during a `before each` hook we are skipping the remaining tests in the current suite: `Login and Home Page Tests`",
                    "estack": "CypressError: `cy.visit()` failed trying to load:\n\nhttps://dev.realtorspk.com/commercial/auth/login\n\nWe attempted to make an http request to this URL but the request failed without a response.\n\nWe received this error at the network level:\n\n  > Error: getaddrinfo ENOTFOUND dev.realtorspk.com\n\nCommon situations why this would fail:\n  - you don't have internet access\n  - you forgot to run / boot your web server\n  - your web server isn't accessible\n  - you have weird network configuration settings on your computer\n\nBecause this error occurred during a `before each` hook we are skipping the remaining tests in the current suite: `Login and Home Page Tests`\n    at <unknown> (http://localhost:63296/__cypress/runner/cypress_runner.js:131400:74)\n    at visitFailedByErr (http://localhost:63296/__cypress/runner/cypress_runner.js:130792:12)\n    at <unknown> (http://localhost:63296/__cypress/runner/cypress_runner.js:131399:11)\n    at tryCatcher (http://localhost:63296/__cypress/runner/cypress_runner.js:1807:23)\n    at Promise._settlePromiseFromHandler (http://localhost:63296/__cypress/runner/cypress_runner.js:1519:31)\n    at Promise._settlePromise (http://localhost:63296/__cypress/runner/cypress_runner.js:1576:18)\n    at Promise._settlePromise0 (http://localhost:63296/__cypress/runner/cypress_runner.js:1621:10)\n    at Promise._settlePromises (http://localhost:63296/__cypress/runner/cypress_runner.js:1697:18)\n    at _drainQueueStep (http://localhost:63296/__cypress/runner/cypress_runner.js:2407:12)\n    at _drainQueue (http://localhost:63296/__cypress/runner/cypress_runner.js:2400:9)\n    at Async._drainQueues (http://localhost:63296/__cypress/runner/cypress_runner.js:2416:5)\n    at Async.drainQueues (http://localhost:63296/__cypress/runner/cypress_runner.js:2286:14)\nFrom Your Spec Code:\n    at Context.eval (webpack://realtors/./cypress/e2e/TestCases/LoginScreen/Login_With_Credentials.cy.js:15:11)\n\nFrom Node.js Internals:\n  Error: getaddrinfo ENOTFOUND dev.realtorspk.com\n      at GetAddrInfoReqWrap.onlookup [as oncomplete] (node:dns:108:26)",
                    "diff": null
                  },
                  "uuid": "930a66b4-5647-4e56-a37a-5f620f72924e",
                  "parentUUID": "384adbe8-1aa6-4451-bc65-6d7db0edbe7c",
                  "isHook": false,
                  "skipped": false
                }
              ],
              "suites": [],
              "passes": [],
              "failures": [
                "930a66b4-5647-4e56-a37a-5f620f72924e"
              ],
              "pending": [],
              "skipped": [],
              "duration": 984,
              "root": false,
              "rootEmpty": false,
              "_timeout": 2000
            }
          ],
          "passes": [],
          "failures": [],
          "pending": [],
          "skipped": [],
          "duration": 0,
          "root": false,
          "rootEmpty": false,
          "_timeout": 2000
        }
      ],
      "passes": [],
      "failures": [],
      "pending": [],
      "skipped": [],
      "duration": 0,
      "root": true,
      "rootEmpty": true,
      "_timeout": 2000
    }
  ],
  "meta": {
    "mocha": {
      "version": "7.0.1"
    },
    "mochawesome": {
      "options": {
        "quiet": false,
        "reportFilename": "mochawesome",
        "saveHtml": true,
        "saveJson": true,
        "consoleReporter": "spec",
        "useInlineDiffs": false,
        "code": true
      },
      "version": "7.1.3"
    },
    "marge": {
      "options": {
        "id": "default",
        "reportDir": "cypress/reports/mochawesome/testresults",
        "overwrite": false,
        "html": true,
        "json": true
      },
      "version": "6.2.0"
    }
  }
}