{
  "stats": {
    "suites": 2,
    "tests": 1,
    "passes": 1,
    "pending": 0,
    "failures": 0,
    "start": "2023-12-21T08:57:07.991Z",
    "end": "2023-12-21T08:57:56.467Z",
    "duration": 48476,
    "testsRegistered": 1,
    "passPercent": 100,
    "pendingPercent": 0,
    "other": 0,
    "hasOther": false,
    "skipped": 0,
    "hasSkipped": false
  },
  "results": [
    {
      "uuid": "e24ddabd-731d-485b-be6d-f2aa81f1d527",
      "title": "",
      "fullFile": "cypress\\e2e\\TestCases\\LoginScreen\\Login_With_Credentials.cy.js",
      "file": "cypress\\e2e\\TestCases\\LoginScreen\\Login_With_Credentials.cy.js",
      "beforeHooks": [],
      "afterHooks": [],
      "tests": [],
      "suites": [
        {
          "uuid": "54a15d70-7eb8-4cde-b827-211f84ddbd3b",
          "title": "Login and Home Page Tests",
          "fullFile": "",
          "file": "",
          "beforeHooks": [],
          "afterHooks": [],
          "tests": [],
          "suites": [
            {
              "uuid": "5dce220f-8273-499c-bdc7-00537fb2e95b",
              "title": "Home Page Tests",
              "fullFile": "",
              "file": "",
              "beforeHooks": [],
              "afterHooks": [],
              "tests": [
                {
                  "title": "Should redirect to the Home Page",
                  "fullTitle": "Login and Home Page Tests Home Page Tests Should redirect to the Home Page",
                  "timedOut": null,
                  "duration": 42936,
                  "state": "passed",
                  "speed": "slow",
                  "pass": true,
                  "fail": false,
                  "pending": false,
                  "context": null,
                  "code": "HomePage_Elements.home_header();\n// Add any additional checks/assertions related to the Home Page here",
                  "err": {},
                  "uuid": "602d0c80-352c-427f-b7b0-fa7e2d24e5a5",
                  "parentUUID": "5dce220f-8273-499c-bdc7-00537fb2e95b",
                  "isHook": false,
                  "skipped": false
                }
              ],
              "suites": [],
              "passes": [
                "602d0c80-352c-427f-b7b0-fa7e2d24e5a5"
              ],
              "failures": [],
              "pending": [],
              "skipped": [],
              "duration": 42936,
              "root": false,
              "rootEmpty": false,
              "_timeout": 2000
            }
          ],
          "passes": [],
          "failures": [],
          "pending": [],
          "skipped": [],
          "duration": 0,
          "root": false,
          "rootEmpty": false,
          "_timeout": 2000
        }
      ],
      "passes": [],
      "failures": [],
      "pending": [],
      "skipped": [],
      "duration": 0,
      "root": true,
      "rootEmpty": true,
      "_timeout": 2000
    }
  ],
  "meta": {
    "mocha": {
      "version": "7.0.1"
    },
    "mochawesome": {
      "options": {
        "quiet": false,
        "reportFilename": "mochawesome",
        "saveHtml": true,
        "saveJson": true,
        "consoleReporter": "spec",
        "useInlineDiffs": false,
        "code": true
      },
      "version": "7.1.3"
    },
    "marge": {
      "options": {
        "id": "default",
        "reportDir": "cypress/reports/mochawesome/testresults",
        "overwrite": false,
        "html": true,
        "json": true
      },
      "version": "6.2.0"
    }
  }
}