{
  "stats": {
    "suites": 2,
    "tests": 1,
    "passes": 1,
    "pending": 0,
    "failures": 0,
    "start": "2023-12-21T12:14:49.456Z",
    "end": "2023-12-21T12:15:24.667Z",
    "duration": 35211,
    "testsRegistered": 1,
    "passPercent": 100,
    "pendingPercent": 0,
    "other": 0,
    "hasOther": false,
    "skipped": 0,
    "hasSkipped": false
  },
  "results": [
    {
      "uuid": "81c87f11-c17b-4206-bff5-1b74ef19ae7a",
      "title": "",
      "fullFile": "cypress\\e2e\\TestCases\\LoginScreen\\Login_With_Credentials.cy.js",
      "file": "cypress\\e2e\\TestCases\\LoginScreen\\Login_With_Credentials.cy.js",
      "beforeHooks": [],
      "afterHooks": [],
      "tests": [],
      "suites": [
        {
          "uuid": "da08293c-071e-46a3-9693-8fe99fcf6e71",
          "title": "Login and Home Page Tests",
          "fullFile": "",
          "file": "",
          "beforeHooks": [],
          "afterHooks": [],
          "tests": [],
          "suites": [
            {
              "uuid": "62fd1867-4a07-4a30-bfa9-caa7b94c79bd",
              "title": "Home Page Tests",
              "fullFile": "",
              "file": "",
              "beforeHooks": [],
              "afterHooks": [],
              "tests": [
                {
                  "title": "Should redirect to the Home Page",
                  "fullTitle": "Login and Home Page Tests Home Page Tests Should redirect to the Home Page",
                  "timedOut": null,
                  "duration": 32240,
                  "state": "passed",
                  "speed": "slow",
                  "pass": true,
                  "fail": false,
                  "pending": false,
                  "context": null,
                  "code": "HomePage_Elements.home_header();\n// Add any additional checks/assertions related to the Home Page here",
                  "err": {},
                  "uuid": "cd051ec7-f3a4-4e98-9d04-13cc1a557b07",
                  "parentUUID": "62fd1867-4a07-4a30-bfa9-caa7b94c79bd",
                  "isHook": false,
                  "skipped": false
                }
              ],
              "suites": [],
              "passes": [
                "cd051ec7-f3a4-4e98-9d04-13cc1a557b07"
              ],
              "failures": [],
              "pending": [],
              "skipped": [],
              "duration": 32240,
              "root": false,
              "rootEmpty": false,
              "_timeout": 2000
            }
          ],
          "passes": [],
          "failures": [],
          "pending": [],
          "skipped": [],
          "duration": 0,
          "root": false,
          "rootEmpty": false,
          "_timeout": 2000
        }
      ],
      "passes": [],
      "failures": [],
      "pending": [],
      "skipped": [],
      "duration": 0,
      "root": true,
      "rootEmpty": true,
      "_timeout": 2000
    }
  ],
  "meta": {
    "mocha": {
      "version": "7.0.1"
    },
    "mochawesome": {
      "options": {
        "quiet": false,
        "reportFilename": "mochawesome",
        "saveHtml": true,
        "saveJson": true,
        "consoleReporter": "spec",
        "useInlineDiffs": false,
        "code": true
      },
      "version": "7.1.3"
    },
    "marge": {
      "options": {
        "id": "default",
        "reportDir": "cypress/reports/mochawesome/testresults",
        "overwrite": false,
        "html": true,
        "json": true
      },
      "version": "6.2.0"
    }
  }
}