{
  "stats": {
    "suites": 2,
    "tests": 1,
    "passes": 1,
    "pending": 0,
    "failures": 0,
    "start": "2024-02-29T07:40:14.164Z",
    "end": "2024-02-29T07:40:48.132Z",
    "duration": 33968,
    "testsRegistered": 1,
    "passPercent": 100,
    "pendingPercent": 0,
    "other": 0,
    "hasOther": false,
    "skipped": 0,
    "hasSkipped": false
  },
  "results": [
    {
      "uuid": "6814d15d-423f-467d-a438-6e89fe5387ed",
      "title": "",
      "fullFile": "cypress/e2e/TestCases/LoginScreen/Login_With_Credentials.cy.js",
      "file": "cypress/e2e/TestCases/LoginScreen/Login_With_Credentials.cy.js",
      "beforeHooks": [],
      "afterHooks": [],
      "tests": [],
      "suites": [
        {
          "uuid": "ef0f41a0-f3e2-4ea9-8ded-9542dcfab8ae",
          "title": "Login and Home Page Tests",
          "fullFile": "",
          "file": "",
          "beforeHooks": [],
          "afterHooks": [],
          "tests": [],
          "suites": [
            {
              "uuid": "bd976bd7-8a77-4479-a766-e6b40aa883e9",
              "title": "Home Page Tests",
              "fullFile": "",
              "file": "",
              "beforeHooks": [],
              "afterHooks": [],
              "tests": [
                {
                  "title": "Should redirect to the Home Page",
                  "fullTitle": "Login and Home Page Tests Home Page Tests Should redirect to the Home Page",
                  "timedOut": null,
                  "duration": 31767,
                  "state": "passed",
                  "speed": "slow",
                  "pass": true,
                  "fail": false,
                  "pending": false,
                  "context": null,
                  "code": "HomePage_Elements.home_header();\n// Add any additional checks/assertions related to the Home Page here",
                  "err": {},
                  "uuid": "ecb288c5-5f00-4f55-a333-f245e4374e8c",
                  "parentUUID": "bd976bd7-8a77-4479-a766-e6b40aa883e9",
                  "isHook": false,
                  "skipped": false
                }
              ],
              "suites": [],
              "passes": [
                "ecb288c5-5f00-4f55-a333-f245e4374e8c"
              ],
              "failures": [],
              "pending": [],
              "skipped": [],
              "duration": 31767,
              "root": false,
              "rootEmpty": false,
              "_timeout": 2000
            }
          ],
          "passes": [],
          "failures": [],
          "pending": [],
          "skipped": [],
          "duration": 0,
          "root": false,
          "rootEmpty": false,
          "_timeout": 2000
        }
      ],
      "passes": [],
      "failures": [],
      "pending": [],
      "skipped": [],
      "duration": 0,
      "root": true,
      "rootEmpty": true,
      "_timeout": 2000
    }
  ],
  "meta": {
    "mocha": {
      "version": "7.0.1"
    },
    "mochawesome": {
      "options": {
        "quiet": false,
        "reportFilename": "mochawesome",
        "saveHtml": true,
        "saveJson": true,
        "consoleReporter": "spec",
        "useInlineDiffs": false,
        "code": true
      },
      "version": "7.1.3"
    },
    "marge": {
      "options": {
        "id": "default",
        "reportDir": "cypress/reports/mochawesome/testresults",
        "overwrite": false,
        "html": true,
        "json": true
      },
      "version": "6.2.0"
    }
  }
}